2022-12-27 00:00:13.701  INFO 5680 --- [Eureka-EvictionTimer] c.n.e.registry.AbstractInstanceRegistry  : Running the evict task with compensationTime 4ms
2022-12-27 00:00:21.062  INFO 5680 --- [http-nio-9999-exec-3] c.n.e.registry.AbstractInstanceRegistry  : Registered instance MCRO3-CONFIG-SERVER/Quanzip.local:mcro3-config-server:9025 with status DOWN (replication=false)
2022-12-27 00:00:21.579  INFO 5680 --- [http-nio-9999-exec-6] c.n.e.registry.AbstractInstanceRegistry  : Registered instance MCRO3-CONFIG-SERVER/Quanzip.local:mcro3-config-server:9025 with status DOWN (replication=true)
2022-12-27 00:00:55.068  INFO 5680 --- [http-nio-9999-exec-8] c.n.e.registry.AbstractInstanceRegistry  : Registered instance MCRO3-CONFIG-SERVER/Quanzip.local:mcro3-config-server:9025 with status UP (replication=false)
2022-12-27 00:00:55.133  INFO 5680 --- [http-nio-9999-exec-9] c.n.e.registry.AbstractInstanceRegistry  : Registered instance MAIN-APPLICATION/Quanzip.local:main-application:9080 with status DOWN (replication=false)
2022-12-27 00:00:55.575  INFO 5680 --- [http-nio-9999-exec-6] c.n.e.registry.AbstractInstanceRegistry  : Registered instance MCRO3-CONFIG-SERVER/Quanzip.local:mcro3-config-server:9025 with status UP (replication=true)
2022-12-27 00:00:55.575  INFO 5680 --- [http-nio-9999-exec-6] c.n.e.registry.AbstractInstanceRegistry  : Registered instance MAIN-APPLICATION/Quanzip.local:main-application:9080 with status DOWN (replication=true)
2022-12-27 00:00:58.294  INFO 5680 --- [http-nio-9999-exec-2] c.n.e.registry.AbstractInstanceRegistry  : Cancelled instance MAIN-APPLICATION/Quanzip.local:main-application:9080 (replication=false)
2022-12-27 00:00:58.808  WARN 5680 --- [http-nio-9999-exec-10] c.n.e.registry.AbstractInstanceRegistry  : DS: Registry: cancel failed because Lease is not registered for: MAIN-APPLICATION/Quanzip.local:main-application:9080
2022-12-27 00:00:58.808  INFO 5680 --- [http-nio-9999-exec-10] c.n.eureka.resources.InstanceResource    : Not Found (Cancel): MAIN-APPLICATION - Quanzip.local:main-application:9080
2022-12-27 00:00:58.810  WARN 5680 --- [TaskBatchingWorker-target_localhost-14] c.n.eureka.cluster.ReplicationTask       : The replication of task MAIN-APPLICATION/Quanzip.local:main-application:9080:Cancel@localhost failed with response code 404
2022-12-27 00:00:58.810  WARN 5680 --- [TaskBatchingWorker-target_localhost-14] c.netflix.eureka.cluster.PeerEurekaNode  : MAIN-APPLICATION/Quanzip.local:main-application:9080:Cancel@localhost: missing entry.
2022-12-27 00:01:13.040  INFO 5680 --- [http-nio-9999-exec-9] c.n.e.registry.AbstractInstanceRegistry  : Registered instance MCRO3-EMAIL-SERVICE/Quanzip.local:mcro3-email-service:9082 with status UP (replication=false)
2022-12-27 00:01:13.553  INFO 5680 --- [http-nio-9999-exec-6] c.n.e.registry.AbstractInstanceRegistry  : Registered instance MCRO3-EMAIL-SERVICE/Quanzip.local:mcro3-email-service:9082 with status UP (replication=true)
2022-12-27 00:01:13.701  INFO 5680 --- [Eureka-EvictionTimer] c.n.e.registry.AbstractInstanceRegistry  : Running the evict task with compensationTime 3ms
2022-12-27 00:01:19.307  INFO 5680 --- [http-nio-9999-exec-10] c.n.e.registry.AbstractInstanceRegistry  : Registered instance MAIN-APPLICATION/Quanzip.local:main-application:9080 with status UP (replication=false)
2022-12-27 00:01:19.813  INFO 5680 --- [http-nio-9999-exec-1] c.n.e.registry.AbstractInstanceRegistry  : Registered instance MAIN-APPLICATION/Quanzip.local:main-application:9080 with status UP (replication=true)
2022-12-27 00:02:13.701  INFO 5680 --- [Eureka-EvictionTimer] c.n.e.registry.AbstractInstanceRegistry  : Running the evict task with compensationTime 2ms
2022-12-27 00:02:14.291  INFO 5680 --- [http-nio-9999-exec-4] c.n.e.registry.AbstractInstanceRegistry  : Registered instance MCRO3-EMAIL-SERVICE/Quanzip.local:mcro3-email-service:9082 with status DOWN (replication=false)
2022-12-27 00:02:14.803  INFO 5680 --- [http-nio-9999-exec-3] c.n.e.registry.AbstractInstanceRegistry  : Registered instance MCRO3-EMAIL-SERVICE/Quanzip.local:mcro3-email-service:9082 with status DOWN (replication=true)
2022-12-27 00:02:17.620  INFO 5680 --- [http-nio-9999-exec-8] c.n.e.registry.AbstractInstanceRegistry  : Cancelled instance MCRO3-EMAIL-SERVICE/Quanzip.local:mcro3-email-service:9082 (replication=false)
2022-12-27 00:02:18.133  WARN 5680 --- [http-nio-9999-exec-2] c.n.e.registry.AbstractInstanceRegistry  : DS: Registry: cancel failed because Lease is not registered for: MCRO3-EMAIL-SERVICE/Quanzip.local:mcro3-email-service:9082
2022-12-27 00:02:18.134  INFO 5680 --- [http-nio-9999-exec-2] c.n.eureka.resources.InstanceResource    : Not Found (Cancel): MCRO3-EMAIL-SERVICE - Quanzip.local:mcro3-email-service:9082
2022-12-27 00:02:18.134  WARN 5680 --- [TaskBatchingWorker-target_localhost-15] c.n.eureka.cluster.ReplicationTask       : The replication of task MCRO3-EMAIL-SERVICE/Quanzip.local:mcro3-email-service:9082:Cancel@localhost failed with response code 404
2022-12-27 00:02:18.134  WARN 5680 --- [TaskBatchingWorker-target_localhost-15] c.netflix.eureka.cluster.PeerEurekaNode  : MCRO3-EMAIL-SERVICE/Quanzip.local:mcro3-email-service:9082:Cancel@localhost: missing entry.
2022-12-27 00:02:38.533  INFO 5680 --- [http-nio-9999-exec-6] c.n.e.registry.AbstractInstanceRegistry  : Registered instance MCRO3-EMAIL-SERVICE/Quanzip.local:mcro3-email-service:9082 with status UP (replication=false)
2022-12-27 00:02:39.039  INFO 5680 --- [http-nio-9999-exec-9] c.n.e.registry.AbstractInstanceRegistry  : Registered instance MCRO3-EMAIL-SERVICE/Quanzip.local:mcro3-email-service:9082 with status UP (replication=true)
2022-12-27 00:03:13.702  INFO 5680 --- [Eureka-EvictionTimer] c.n.e.registry.AbstractInstanceRegistry  : Running the evict task with compensationTime 3ms
2022-12-27 00:03:32.926  INFO 5680 --- [http-nio-9999-exec-10] c.n.e.registry.AbstractInstanceRegistry  : Registered instance MCRO3-EMAIL-SERVICE/Quanzip.local:mcro3-email-service:9082 with status DOWN (replication=false)
2022-12-27 00:03:33.431  INFO 5680 --- [http-nio-9999-exec-1] c.n.e.registry.AbstractInstanceRegistry  : Registered instance MCRO3-EMAIL-SERVICE/Quanzip.local:mcro3-email-service:9082 with status DOWN (replication=true)
2022-12-27 00:03:48.621  INFO 5680 --- [http-nio-9999-exec-9] c.n.e.registry.AbstractInstanceRegistry  : Registered instance MCRO3-EMAIL-SERVICE/Quanzip.local:mcro3-email-service:9082 with status UP (replication=false)
2022-12-27 00:03:48.676  INFO 5680 --- [http-nio-9999-exec-2] c.n.e.registry.AbstractInstanceRegistry  : Registered instance MCRO3-CONFIG-SERVER/Quanzip.local:mcro3-config-server:9025 with status DOWN (replication=false)
2022-12-27 00:03:49.134  INFO 5680 --- [http-nio-9999-exec-10] c.n.e.registry.AbstractInstanceRegistry  : Registered instance MCRO3-EMAIL-SERVICE/Quanzip.local:mcro3-email-service:9082 with status UP (replication=true)
2022-12-27 00:03:49.135  INFO 5680 --- [http-nio-9999-exec-10] c.n.e.registry.AbstractInstanceRegistry  : Registered instance MCRO3-CONFIG-SERVER/Quanzip.local:mcro3-config-server:9025 with status DOWN (replication=true)
2022-12-27 00:03:51.754  INFO 5680 --- [http-nio-9999-exec-4] c.n.e.registry.AbstractInstanceRegistry  : Cancelled instance MCRO3-CONFIG-SERVER/Quanzip.local:mcro3-config-server:9025 (replication=false)
2022-12-27 00:03:52.262  WARN 5680 --- [http-nio-9999-exec-6] c.n.e.registry.AbstractInstanceRegistry  : DS: Registry: cancel failed because Lease is not registered for: MCRO3-CONFIG-SERVER/Quanzip.local:mcro3-config-server:9025
2022-12-27 00:03:52.262  INFO 5680 --- [http-nio-9999-exec-6] c.n.eureka.resources.InstanceResource    : Not Found (Cancel): MCRO3-CONFIG-SERVER - Quanzip.local:mcro3-config-server:9025
2022-12-27 00:03:52.262  WARN 5680 --- [TaskBatchingWorker-target_localhost-8] c.n.eureka.cluster.ReplicationTask       : The replication of task MCRO3-CONFIG-SERVER/Quanzip.local:mcro3-config-server:9025:Cancel@localhost failed with response code 404
2022-12-27 00:03:52.262  WARN 5680 --- [TaskBatchingWorker-target_localhost-8] c.netflix.eureka.cluster.PeerEurekaNode  : MCRO3-CONFIG-SERVER/Quanzip.local:mcro3-config-server:9025:Cancel@localhost: missing entry.
2022-12-27 00:04:00.855  INFO 5680 --- [http-nio-9999-exec-9] c.n.e.registry.AbstractInstanceRegistry  : Registered instance MCRO3-EMAIL-SERVICE/Quanzip.local:mcro3-email-service:9082 with status DOWN (replication=false)
2022-12-27 00:04:01.043  INFO 5680 --- [http-nio-9999-exec-10] c.n.e.registry.AbstractInstanceRegistry  : Registered instance MCRO3-CONFIG-SERVER/Quanzip.local:mcro3-config-server:9025 with status UP (replication=false)
2022-12-27 00:04:01.365  INFO 5680 --- [http-nio-9999-exec-1] c.n.e.registry.AbstractInstanceRegistry  : Registered instance MCRO3-EMAIL-SERVICE/Quanzip.local:mcro3-email-service:9082 with status DOWN (replication=true)
2022-12-27 00:04:01.365  INFO 5680 --- [http-nio-9999-exec-1] c.n.e.registry.AbstractInstanceRegistry  : Registered instance MCRO3-CONFIG-SERVER/Quanzip.local:mcro3-config-server:9025 with status UP (replication=true)
2022-12-27 00:04:04.041  INFO 5680 --- [http-nio-9999-exec-7] c.n.e.registry.AbstractInstanceRegistry  : Cancelled instance MCRO3-EMAIL-SERVICE/Quanzip.local:mcro3-email-service:9082 (replication=false)
2022-12-27 00:04:04.555  WARN 5680 --- [http-nio-9999-exec-8] c.n.e.registry.AbstractInstanceRegistry  : DS: Registry: cancel failed because Lease is not registered for: MCRO3-EMAIL-SERVICE/Quanzip.local:mcro3-email-service:9082
2022-12-27 00:04:04.556  INFO 5680 --- [http-nio-9999-exec-8] c.n.eureka.resources.InstanceResource    : Not Found (Cancel): MCRO3-EMAIL-SERVICE - Quanzip.local:mcro3-email-service:9082
2022-12-27 00:04:04.556  WARN 5680 --- [TaskBatchingWorker-target_localhost-3] c.n.eureka.cluster.ReplicationTask       : The replication of task MCRO3-EMAIL-SERVICE/Quanzip.local:mcro3-email-service:9082:Cancel@localhost failed with response code 404
2022-12-27 00:04:04.556  WARN 5680 --- [TaskBatchingWorker-target_localhost-3] c.netflix.eureka.cluster.PeerEurekaNode  : MCRO3-EMAIL-SERVICE/Quanzip.local:mcro3-email-service:9082:Cancel@localhost: missing entry.
2022-12-27 00:04:13.702  INFO 5680 --- [Eureka-EvictionTimer] c.n.e.registry.AbstractInstanceRegistry  : Running the evict task with compensationTime 2ms
2022-12-27 00:04:17.128  INFO 5680 --- [http-nio-9999-exec-10] c.n.e.registry.AbstractInstanceRegistry  : Registered instance MCRO3-EMAIL-SERVICE/Quanzip.local:mcro3-email-service:9082 with status UP (replication=false)
2022-12-27 00:04:17.638  INFO 5680 --- [http-nio-9999-exec-1] c.n.e.registry.AbstractInstanceRegistry  : Registered instance MCRO3-EMAIL-SERVICE/Quanzip.local:mcro3-email-service:9082 with status UP (replication=true)
2022-12-27 00:04:56.915  INFO 5680 --- [http-nio-9999-exec-6] c.n.e.registry.AbstractInstanceRegistry  : Registered instance MCRO3-EMAIL-SERVICE/Quanzip.local:mcro3-email-service:9082 with status DOWN (replication=false)
2022-12-27 00:04:57.426  INFO 5680 --- [http-nio-9999-exec-9] c.n.e.registry.AbstractInstanceRegistry  : Registered instance MCRO3-EMAIL-SERVICE/Quanzip.local:mcro3-email-service:9082 with status DOWN (replication=true)
2022-12-27 00:05:00.160  INFO 5680 --- [http-nio-9999-exec-2] c.n.e.registry.AbstractInstanceRegistry  : Cancelled instance MCRO3-EMAIL-SERVICE/Quanzip.local:mcro3-email-service:9082 (replication=false)
2022-12-27 00:05:00.663  WARN 5680 --- [http-nio-9999-exec-7] c.n.e.registry.AbstractInstanceRegistry  : DS: Registry: cancel failed because Lease is not registered for: MCRO3-EMAIL-SERVICE/Quanzip.local:mcro3-email-service:9082
2022-12-27 00:05:00.663  INFO 5680 --- [http-nio-9999-exec-7] c.n.eureka.resources.InstanceResource    : Not Found (Cancel): MCRO3-EMAIL-SERVICE - Quanzip.local:mcro3-email-service:9082
2022-12-27 00:05:00.665  WARN 5680 --- [TaskBatchingWorker-target_localhost-14] c.n.eureka.cluster.ReplicationTask       : The replication of task MCRO3-EMAIL-SERVICE/Quanzip.local:mcro3-email-service:9082:Cancel@localhost failed with response code 404
2022-12-27 00:05:00.665  WARN 5680 --- [TaskBatchingWorker-target_localhost-14] c.netflix.eureka.cluster.PeerEurekaNode  : MCRO3-EMAIL-SERVICE/Quanzip.local:mcro3-email-service:9082:Cancel@localhost: missing entry.
2022-12-27 00:05:12.925  INFO 5680 --- [http-nio-9999-exec-10] c.n.e.registry.AbstractInstanceRegistry  : Registered instance MCRO3-EMAIL-SERVICE/Quanzip.local:mcro3-email-service:9082 with status UP (replication=false)
2022-12-27 00:05:13.434  INFO 5680 --- [http-nio-9999-exec-1] c.n.e.registry.AbstractInstanceRegistry  : Registered instance MCRO3-EMAIL-SERVICE/Quanzip.local:mcro3-email-service:9082 with status UP (replication=true)
2022-12-27 00:05:13.703  INFO 5680 --- [Eureka-EvictionTimer] c.n.e.registry.AbstractInstanceRegistry  : Running the evict task with compensationTime 2ms
2022-12-27 00:05:42.073  INFO 5680 --- [http-nio-9999-exec-1] c.n.e.registry.AbstractInstanceRegistry  : Registered instance MCRO3-EMAIL-SERVICE/Quanzip.local:mcro3-email-service:9082 with status DOWN (replication=false)
2022-12-27 00:05:42.579  INFO 5680 --- [http-nio-9999-exec-4] c.n.e.registry.AbstractInstanceRegistry  : Registered instance MCRO3-EMAIL-SERVICE/Quanzip.local:mcro3-email-service:9082 with status DOWN (replication=true)
2022-12-27 00:05:45.235  INFO 5680 --- [http-nio-9999-exec-3] c.n.e.registry.AbstractInstanceRegistry  : Cancelled instance MCRO3-EMAIL-SERVICE/Quanzip.local:mcro3-email-service:9082 (replication=false)
2022-12-27 00:05:45.738  WARN 5680 --- [http-nio-9999-exec-2] c.n.e.registry.AbstractInstanceRegistry  : DS: Registry: cancel failed because Lease is not registered for: MCRO3-EMAIL-SERVICE/Quanzip.local:mcro3-email-service:9082
2022-12-27 00:05:45.739  INFO 5680 --- [http-nio-9999-exec-2] c.n.eureka.resources.InstanceResource    : Not Found (Cancel): MCRO3-EMAIL-SERVICE - Quanzip.local:mcro3-email-service:9082
2022-12-27 00:05:45.739  WARN 5680 --- [TaskBatchingWorker-target_localhost-19] c.n.eureka.cluster.ReplicationTask       : The replication of task MCRO3-EMAIL-SERVICE/Quanzip.local:mcro3-email-service:9082:Cancel@localhost failed with response code 404
2022-12-27 00:05:45.740  WARN 5680 --- [TaskBatchingWorker-target_localhost-19] c.netflix.eureka.cluster.PeerEurekaNode  : MCRO3-EMAIL-SERVICE/Quanzip.local:mcro3-email-service:9082:Cancel@localhost: missing entry.
2022-12-27 00:06:13.706  INFO 5680 --- [Eureka-EvictionTimer] c.n.e.registry.AbstractInstanceRegistry  : Running the evict task with compensationTime 5ms
2022-12-27 00:06:31.393  INFO 5680 --- [http-nio-9999-exec-5] c.n.e.registry.AbstractInstanceRegistry  : Registered instance MCRO3-CONFIG-SERVER/Quanzip.local:mcro3-config-server:9025 with status DOWN (replication=false)
2022-12-27 00:06:31.524  INFO 5680 --- [http-nio-9999-exec-8] c.n.e.registry.AbstractInstanceRegistry  : Registered instance MCRO3-CONFIG-SERVER/Quanzip.local:mcro3-config-server:9025 with status DOWN (replication=true)
2022-12-27 00:06:31.526  WARN 5680 --- [TaskBatchingWorker-target_localhost-9] c.n.eureka.cluster.ReplicationTask       : The replication of task MCRO3-CONFIG-SERVER/Quanzip.local:mcro3-config-server:9025:Heartbeat@localhost failed with response code 409
2022-12-27 00:06:31.526  WARN 5680 --- [TaskBatchingWorker-target_localhost-9] c.netflix.eureka.cluster.PeerEurekaNode  : Peer wants us to take the instance information from it, since the timestamp differs,Id : Quanzip.local:mcro3-config-server:9025 My Timestamp : 1672074240935, Peer's timestamp: 1672074391387
2022-12-27 00:06:31.526  INFO 5680 --- [TaskBatchingWorker-target_localhost-9] c.n.e.registry.AbstractInstanceRegistry  : Registered instance MCRO3-CONFIG-SERVER/Quanzip.local:mcro3-config-server:9025 with status DOWN (replication=true)
2022-12-27 00:06:34.338  INFO 5680 --- [SpringApplicationShutdownHook] o.s.c.n.e.s.EurekaServiceRegistry        : Unregistering application MCRO3-EUREKA-SERVER with eureka with status DOWN
2022-12-27 00:06:34.366  INFO 5680 --- [SpringApplicationShutdownHook] o.s.c.n.e.server.EurekaServerBootstrap   : Shutting down Eureka Server..
2022-12-27 00:06:34.375  INFO 5680 --- [SpringApplicationShutdownHook] c.n.eureka.DefaultEurekaServerContext    : Shutting down ...
2022-12-27 00:06:34.379  INFO 5680 --- [SpringApplicationShutdownHook] com.netflix.servo.monitor.StatsMonitor   : Attempting to get the value for an expired monitor: eurekaServer.replication.batchSize.Will start computing stats again.
2022-12-27 00:06:34.384  INFO 5680 --- [SpringApplicationShutdownHook] com.netflix.servo.monitor.StatsMonitor   : Attempting to get the value for an expired monitor: eurekaServer.replication.executionTime.Will start computing stats again.
2022-12-27 00:06:34.386  INFO 5680 --- [SpringApplicationShutdownHook] com.netflix.servo.monitor.StatsMonitor   : Attempting to get the value for an expired monitor: eurekaServer.replication.executionTime.Will start computing stats again.
2022-12-27 00:06:34.386  INFO 5680 --- [SpringApplicationShutdownHook] com.netflix.servo.monitor.StatsMonitor   : Attempting to get the value for an expired monitor: eurekaServer.replication.batchSize.Will start computing stats again.
2022-12-27 00:06:34.407  INFO 5680 --- [SpringApplicationShutdownHook] c.n.eureka.DefaultEurekaServerContext    : Shut down
2022-12-27 00:06:34.408  INFO 5680 --- [SpringApplicationShutdownHook] o.s.c.n.e.server.EurekaServerBootstrap   : Eureka Service is now shutdown...
2022-12-27 00:06:34.409  INFO 5680 --- [SpringApplicationShutdownHook] c.n.eureka.DefaultEurekaServerContext    : Shutting down ...
2022-12-27 00:06:34.414  INFO 5680 --- [SpringApplicationShutdownHook] c.n.eureka.DefaultEurekaServerContext    : Shut down
2022-12-27 00:06:34.430  INFO 5680 --- [SpringApplicationShutdownHook] com.netflix.discovery.DiscoveryClient    : Shutting down DiscoveryClient ...
2022-12-27 00:06:34.433  INFO 5680 --- [SpringApplicationShutdownHook] com.netflix.discovery.DiscoveryClient    : Completed shut down of DiscoveryClient
2022-12-27 22:00:34.458  INFO 12120 --- [main] com.viettel.project.Application          : Starting Application using Java 1.8.0_341 on Quanzip.local with PID 12120 (/Users/phamhongquan/IdeaProjects/Microservice 3 docker kafka/Eureka-server/target/classes started by phamhongquan in /Users/phamhongquan/IdeaProjects/Microservice 3 docker kafka/Eureka-server)
2022-12-27 22:00:34.461  INFO 12120 --- [main] com.viettel.project.Application          : No active profile set, falling back to default profiles: default
2022-12-27 22:00:34.490  INFO 12120 --- [main] o.s.b.context.config.ConfigDataLoader    : Fetching config from server at : http://localhost:9025
2022-12-27 22:00:34.490  INFO 12120 --- [main] o.s.b.context.config.ConfigDataLoader    : Located environment: name=mcro3-eureka-server, profiles=[default], label=null, version=null, state=null
2022-12-27 22:00:35.443  INFO 12120 --- [main] o.s.cloud.context.scope.GenericScope     : BeanFactory id=ebba8da3-c16e-3e00-98f1-34b08336c71d
2022-12-27 22:00:35.667  INFO 12120 --- [main] o.s.b.w.embedded.tomcat.TomcatWebServer  : Tomcat initialized with port(s): 9999 (http)
2022-12-27 22:00:35.673  INFO 12120 --- [main] o.apache.catalina.core.StandardService   : Starting service [Tomcat]
2022-12-27 22:00:35.674  INFO 12120 --- [main] org.apache.catalina.core.StandardEngine  : Starting Servlet engine: [Apache Tomcat/9.0.56]
2022-12-27 22:00:35.752  INFO 12120 --- [main] o.a.c.c.C.[Tomcat].[localhost].[/]       : Initializing Spring embedded WebApplicationContext
2022-12-27 22:00:35.752  INFO 12120 --- [main] w.s.c.ServletWebServerApplicationContext : Root WebApplicationContext: initialization completed in 1261 ms
2022-12-27 22:00:36.317  INFO 12120 --- [main] c.s.j.s.i.a.WebApplicationImpl           : Initiating Jersey application, version 'Jersey: 1.19.4 05/24/2017 03:20 PM'
2022-12-27 22:00:36.368  INFO 12120 --- [main] c.n.d.provider.DiscoveryJerseyProvider   : Using JSON encoding codec LegacyJacksonJson
2022-12-27 22:00:36.369  INFO 12120 --- [main] c.n.d.provider.DiscoveryJerseyProvider   : Using JSON decoding codec LegacyJacksonJson
2022-12-27 22:00:36.428  INFO 12120 --- [main] c.n.d.provider.DiscoveryJerseyProvider   : Using XML encoding codec XStreamXml
2022-12-27 22:00:36.429  INFO 12120 --- [main] c.n.d.provider.DiscoveryJerseyProvider   : Using XML decoding codec XStreamXml
2022-12-27 22:00:37.207  INFO 12120 --- [main] DiscoveryClientOptionalArgsConfiguration : Eureka HTTP Client uses Jersey
2022-12-27 22:00:37.262  WARN 12120 --- [main] iguration$LoadBalancerCaffeineWarnLogger : Spring Cloud LoadBalancer is currently working with the default cache. While this cache implementation is useful for development and tests, it's recommended to use Caffeine cache in production.You can switch to using Caffeine cache, by adding it and org.springframework.cache.caffeine.CaffeineCacheManager to the classpath.
2022-12-27 22:00:37.277  INFO 12120 --- [main] o.s.c.n.eureka.InstanceInfoFactory       : Setting initial instance status as: STARTING
2022-12-27 22:00:37.294  INFO 12120 --- [main] com.netflix.discovery.DiscoveryClient    : Initializing Eureka in region us-east-1
2022-12-27 22:00:37.294  INFO 12120 --- [main] com.netflix.discovery.DiscoveryClient    : Client configured to neither register nor query for data.
2022-12-27 22:00:37.297  INFO 12120 --- [main] com.netflix.discovery.DiscoveryClient    : Discovery Client initialized at timestamp 1672153237296 with initial instances count: 0
2022-12-27 22:00:37.325  INFO 12120 --- [main] c.n.eureka.DefaultEurekaServerContext    : Initializing ...
2022-12-27 22:00:37.326  INFO 12120 --- [main] c.n.eureka.cluster.PeerEurekaNodes       : Adding new peer nodes [http://localhost:9999/eureka/]
2022-12-27 22:00:37.605  INFO 12120 --- [main] c.n.d.provider.DiscoveryJerseyProvider   : Using JSON encoding codec LegacyJacksonJson
2022-12-27 22:00:37.607  INFO 12120 --- [main] c.n.d.provider.DiscoveryJerseyProvider   : Using JSON decoding codec LegacyJacksonJson
2022-12-27 22:00:37.607  INFO 12120 --- [main] c.n.d.provider.DiscoveryJerseyProvider   : Using XML encoding codec XStreamXml
2022-12-27 22:00:37.607  INFO 12120 --- [main] c.n.d.provider.DiscoveryJerseyProvider   : Using XML decoding codec XStreamXml
2022-12-27 22:00:37.713  INFO 12120 --- [main] c.n.eureka.cluster.PeerEurekaNodes       : Replica node URL:  http://localhost:9999/eureka/
2022-12-27 22:00:37.721  INFO 12120 --- [main] c.n.e.registry.AbstractInstanceRegistry  : Finished initializing remote region registries. All known remote regions: []
2022-12-27 22:00:37.724  INFO 12120 --- [main] c.n.eureka.DefaultEurekaServerContext    : Initialized
2022-12-27 22:00:37.753  INFO 12120 --- [main] o.s.b.a.e.web.EndpointLinksResolver      : Exposing 17 endpoint(s) beneath base path '/actuator'
2022-12-27 22:00:37.884  INFO 12120 --- [main] o.s.c.n.e.s.EurekaServiceRegistry        : Registering application MCRO3-EUREKA-SERVER with eureka with status UP
2022-12-27 22:00:37.890  INFO 12120 --- [Thread-18] o.s.c.n.e.server.EurekaServerBootstrap   : Setting the eureka configuration..
2022-12-27 22:00:37.906  INFO 12120 --- [Thread-18] o.s.c.n.e.server.EurekaServerBootstrap   : isAws returned false
2022-12-27 22:00:37.907  INFO 12120 --- [Thread-18] o.s.c.n.e.server.EurekaServerBootstrap   : Initialized server context
2022-12-27 22:00:37.907  INFO 12120 --- [Thread-18] c.n.e.r.PeerAwareInstanceRegistryImpl    : Got 1 instances from neighboring DS node
2022-12-27 22:00:37.907  INFO 12120 --- [Thread-18] c.n.e.r.PeerAwareInstanceRegistryImpl    : Renew threshold is: 1
2022-12-27 22:00:37.907  INFO 12120 --- [Thread-18] c.n.e.r.PeerAwareInstanceRegistryImpl    : Changing status to UP
2022-12-27 22:00:37.935  INFO 12120 --- [Thread-18] e.s.EurekaServerInitializerConfiguration : Started Eureka Server
2022-12-27 22:00:37.935  INFO 12120 --- [main] o.s.b.w.embedded.tomcat.TomcatWebServer  : Tomcat started on port(s): 9999 (http) with context path ''
2022-12-27 22:00:37.940  INFO 12120 --- [main] .s.c.n.e.s.EurekaAutoServiceRegistration : Updating port to 9999
2022-12-27 22:00:37.977  INFO 12120 --- [main] com.viettel.project.Application          : Started Application in 4.729 seconds (JVM running for 5.313)
2022-12-27 22:00:37.996  INFO 12120 --- [main] com.viettel.project.Application          : 
----------------------------------------------------------
	Application 'mcro3-eureka-server' is running!
	mcro3-eureka-server: http://localhost:9999
----------------------------------------------------------
2022-12-27 22:00:38.095  INFO 12120 --- [RMI TCP Connection(5)-127.0.0.1] o.a.c.c.C.[Tomcat].[localhost].[/]       : Initializing Spring DispatcherServlet 'dispatcherServlet'
2022-12-27 22:00:38.098  INFO 12120 --- [RMI TCP Connection(5)-127.0.0.1] o.s.web.servlet.DispatcherServlet        : Initializing Servlet 'dispatcherServlet'
2022-12-27 22:00:38.101  INFO 12120 --- [RMI TCP Connection(5)-127.0.0.1] o.s.web.servlet.DispatcherServlet        : Completed initialization in 2 ms
2022-12-27 22:01:01.946  WARN 12120 --- [http-nio-9999-exec-2] c.n.e.registry.AbstractInstanceRegistry  : DS: Registry: lease doesn't exist, registering resource: MCRO3-CONFIG-SERVER - 172.20.10.4:mcro3-config-server:9025
2022-12-27 22:01:01.947  WARN 12120 --- [http-nio-9999-exec-2] c.n.eureka.resources.InstanceResource    : Not Found (Renew): MCRO3-CONFIG-SERVER - 172.20.10.4:mcro3-config-server:9025
2022-12-27 22:01:01.972  INFO 12120 --- [http-nio-9999-exec-3] c.n.e.registry.AbstractInstanceRegistry  : Registered instance MCRO3-CONFIG-SERVER/172.20.10.4:mcro3-config-server:9025 with status UP (replication=false)
2022-12-27 22:01:02.011  INFO 12120 --- [http-nio-9999-exec-4] c.n.e.registry.AbstractInstanceRegistry  : Registered instance MCRO3-CONFIG-SERVER/172.20.10.4:mcro3-config-server:9025 with status UP (replication=false)
2022-12-27 22:01:02.624  INFO 12120 --- [http-nio-9999-exec-5] c.n.e.registry.AbstractInstanceRegistry  : Registered instance MCRO3-CONFIG-SERVER/172.20.10.4:mcro3-config-server:9025 with status UP (replication=true)
2022-12-27 22:01:37.913  INFO 12120 --- [Eureka-EvictionTimer] c.n.e.registry.AbstractInstanceRegistry  : Running the evict task with compensationTime 0ms
2022-12-27 22:02:37.916  INFO 12120 --- [Eureka-EvictionTimer] c.n.e.registry.AbstractInstanceRegistry  : Running the evict task with compensationTime 5ms
2022-12-27 22:03:37.921  INFO 12120 --- [Eureka-EvictionTimer] c.n.e.registry.AbstractInstanceRegistry  : Running the evict task with compensationTime 4ms
2022-12-27 22:04:37.921  INFO 12120 --- [Eureka-EvictionTimer] c.n.e.registry.AbstractInstanceRegistry  : Running the evict task with compensationTime 2ms
2022-12-27 22:05:37.923  INFO 12120 --- [Eureka-EvictionTimer] c.n.e.registry.AbstractInstanceRegistry  : Running the evict task with compensationTime 149ms
2022-12-27 22:06:37.926  INFO 12120 --- [Eureka-EvictionTimer] c.n.e.registry.AbstractInstanceRegistry  : Running the evict task with compensationTime 4ms
2022-12-27 22:07:37.927  INFO 12120 --- [Eureka-EvictionTimer] c.n.e.registry.AbstractInstanceRegistry  : Running the evict task with compensationTime 2ms
2022-12-27 22:08:37.929  INFO 12120 --- [Eureka-EvictionTimer] c.n.e.registry.AbstractInstanceRegistry  : Running the evict task with compensationTime 4ms
2022-12-27 22:09:37.933  INFO 12120 --- [Eureka-EvictionTimer] c.n.e.registry.AbstractInstanceRegistry  : Running the evict task with compensationTime 5ms
2022-12-27 22:10:37.932  INFO 12120 --- [Eureka-EvictionTimer] c.n.e.registry.AbstractInstanceRegistry  : Running the evict task with compensationTime 1ms
2022-12-27 22:11:37.933  INFO 12120 --- [Eureka-EvictionTimer] c.n.e.registry.AbstractInstanceRegistry  : Running the evict task with compensationTime 2ms
2022-12-27 22:12:37.936  INFO 12120 --- [Eureka-EvictionTimer] c.n.e.registry.AbstractInstanceRegistry  : Running the evict task with compensationTime 5ms
2022-12-27 22:13:37.939  INFO 12120 --- [Eureka-EvictionTimer] c.n.e.registry.AbstractInstanceRegistry  : Running the evict task with compensationTime 4ms
2022-12-27 22:14:37.940  INFO 12120 --- [Eureka-EvictionTimer] c.n.e.registry.AbstractInstanceRegistry  : Running the evict task with compensationTime 3ms
2022-12-27 22:15:37.728  INFO 12120 --- [ReplicaAwareInstanceRegistry - RenewalThresholdUpdater] c.n.e.r.PeerAwareInstanceRegistryImpl    : Current renewal threshold is : 3
2022-12-27 22:15:37.940  INFO 12120 --- [Eureka-EvictionTimer] c.n.e.registry.AbstractInstanceRegistry  : Running the evict task with compensationTime 1ms
2022-12-27 22:16:37.943  INFO 12120 --- [Eureka-EvictionTimer] c.n.e.registry.AbstractInstanceRegistry  : Running the evict task with compensationTime 4ms
2022-12-27 22:17:37.944  INFO 12120 --- [Eureka-EvictionTimer] c.n.e.registry.AbstractInstanceRegistry  : Running the evict task with compensationTime 3ms
2022-12-27 22:18:37.948  INFO 12120 --- [Eureka-EvictionTimer] c.n.e.registry.AbstractInstanceRegistry  : Running the evict task with compensationTime 5ms
2022-12-27 22:19:37.950  INFO 12120 --- [Eureka-EvictionTimer] c.n.e.registry.AbstractInstanceRegistry  : Running the evict task with compensationTime 5ms
2022-12-27 22:20:38.110  INFO 12120 --- [Eureka-EvictionTimer] c.n.e.registry.AbstractInstanceRegistry  : Running the evict task with compensationTime 4ms
2022-12-27 22:21:38.114  INFO 12120 --- [Eureka-EvictionTimer] c.n.e.registry.AbstractInstanceRegistry  : Running the evict task with compensationTime 3ms
2022-12-27 22:22:38.113  INFO 12120 --- [Eureka-EvictionTimer] c.n.e.registry.AbstractInstanceRegistry  : Running the evict task with compensationTime 0ms
2022-12-27 22:23:38.118  INFO 12120 --- [Eureka-EvictionTimer] c.n.e.registry.AbstractInstanceRegistry  : Running the evict task with compensationTime 4ms
2022-12-27 22:24:38.120  INFO 12120 --- [Eureka-EvictionTimer] c.n.e.registry.AbstractInstanceRegistry  : Running the evict task with compensationTime 2ms
2022-12-27 22:25:38.125  INFO 12120 --- [Eureka-EvictionTimer] c.n.e.registry.AbstractInstanceRegistry  : Running the evict task with compensationTime 5ms
2022-12-27 22:26:38.129  INFO 12120 --- [Eureka-EvictionTimer] c.n.e.registry.AbstractInstanceRegistry  : Running the evict task with compensationTime 5ms
2022-12-27 22:27:38.130  INFO 12120 --- [Eureka-EvictionTimer] c.n.e.registry.AbstractInstanceRegistry  : Running the evict task with compensationTime 1ms
2022-12-27 22:28:38.135  INFO 12120 --- [Eureka-EvictionTimer] c.n.e.registry.AbstractInstanceRegistry  : Running the evict task with compensationTime 4ms
2022-12-27 22:29:38.135  INFO 12120 --- [Eureka-EvictionTimer] c.n.e.registry.AbstractInstanceRegistry  : Running the evict task with compensationTime 1ms
2022-12-27 22:30:37.875  INFO 12120 --- [ReplicaAwareInstanceRegistry - RenewalThresholdUpdater] c.n.e.r.PeerAwareInstanceRegistryImpl    : Current renewal threshold is : 3
2022-12-27 22:30:38.140  INFO 12120 --- [Eureka-EvictionTimer] c.n.e.registry.AbstractInstanceRegistry  : Running the evict task with compensationTime 5ms
2022-12-27 22:31:38.145  INFO 12120 --- [Eureka-EvictionTimer] c.n.e.registry.AbstractInstanceRegistry  : Running the evict task with compensationTime 5ms
2022-12-27 22:32:38.149  INFO 12120 --- [Eureka-EvictionTimer] c.n.e.registry.AbstractInstanceRegistry  : Running the evict task with compensationTime 4ms
2022-12-27 22:33:38.153  INFO 12120 --- [Eureka-EvictionTimer] c.n.e.registry.AbstractInstanceRegistry  : Running the evict task with compensationTime 3ms
2022-12-27 22:34:38.154  INFO 12120 --- [Eureka-EvictionTimer] c.n.e.registry.AbstractInstanceRegistry  : Running the evict task with compensationTime 2ms
2022-12-27 22:35:38.158  INFO 12120 --- [Eureka-EvictionTimer] c.n.e.registry.AbstractInstanceRegistry  : Running the evict task with compensationTime 5ms
2022-12-27 22:36:38.161  INFO 12120 --- [Eureka-EvictionTimer] c.n.e.registry.AbstractInstanceRegistry  : Running the evict task with compensationTime 3ms
2022-12-27 22:37:38.165  INFO 12120 --- [Eureka-EvictionTimer] c.n.e.registry.AbstractInstanceRegistry  : Running the evict task with compensationTime 5ms
2022-12-27 22:38:38.169  INFO 12120 --- [Eureka-EvictionTimer] c.n.e.registry.AbstractInstanceRegistry  : Running the evict task with compensationTime 4ms
2022-12-27 22:39:38.173  INFO 12120 --- [Eureka-EvictionTimer] c.n.e.registry.AbstractInstanceRegistry  : Running the evict task with compensationTime 4ms
2022-12-27 22:40:38.174  INFO 12120 --- [Eureka-EvictionTimer] c.n.e.registry.AbstractInstanceRegistry  : Running the evict task with compensationTime 1ms
2022-12-27 22:41:38.177  INFO 12120 --- [Eureka-EvictionTimer] c.n.e.registry.AbstractInstanceRegistry  : Running the evict task with compensationTime 2ms
2022-12-27 22:42:38.180  INFO 12120 --- [Eureka-EvictionTimer] c.n.e.registry.AbstractInstanceRegistry  : Running the evict task with compensationTime 4ms
2022-12-27 22:43:38.185  INFO 12120 --- [Eureka-EvictionTimer] c.n.e.registry.AbstractInstanceRegistry  : Running the evict task with compensationTime 4ms
2022-12-27 22:44:38.186  INFO 12120 --- [Eureka-EvictionTimer] c.n.e.registry.AbstractInstanceRegistry  : Running the evict task with compensationTime 1ms
2022-12-27 22:45:37.876  INFO 12120 --- [ReplicaAwareInstanceRegistry - RenewalThresholdUpdater] c.n.e.r.PeerAwareInstanceRegistryImpl    : Current renewal threshold is : 3
2022-12-27 22:45:38.189  INFO 12120 --- [Eureka-EvictionTimer] c.n.e.registry.AbstractInstanceRegistry  : Running the evict task with compensationTime 4ms
2022-12-27 22:46:38.194  INFO 12120 --- [Eureka-EvictionTimer] c.n.e.registry.AbstractInstanceRegistry  : Running the evict task with compensationTime 4ms
2022-12-27 22:47:38.198  INFO 12120 --- [Eureka-EvictionTimer] c.n.e.registry.AbstractInstanceRegistry  : Running the evict task with compensationTime 4ms
2022-12-27 22:48:38.203  INFO 12120 --- [Eureka-EvictionTimer] c.n.e.registry.AbstractInstanceRegistry  : Running the evict task with compensationTime 5ms
2022-12-27 22:49:38.206  INFO 12120 --- [Eureka-EvictionTimer] c.n.e.registry.AbstractInstanceRegistry  : Running the evict task with compensationTime 3ms
2022-12-27 22:50:38.210  INFO 12120 --- [Eureka-EvictionTimer] c.n.e.registry.AbstractInstanceRegistry  : Running the evict task with compensationTime 4ms
2022-12-27 22:51:38.221  INFO 12120 --- [Eureka-EvictionTimer] c.n.e.registry.AbstractInstanceRegistry  : Running the evict task with compensationTime 5ms
2022-12-27 22:52:38.231  INFO 12120 --- [Eureka-EvictionTimer] c.n.e.registry.AbstractInstanceRegistry  : Running the evict task with compensationTime 0ms
2022-12-27 22:53:38.237  INFO 12120 --- [Eureka-EvictionTimer] c.n.e.registry.AbstractInstanceRegistry  : Running the evict task with compensationTime 5ms
2022-12-27 22:54:38.240  INFO 12120 --- [Eureka-EvictionTimer] c.n.e.registry.AbstractInstanceRegistry  : Running the evict task with compensationTime 3ms
2022-12-27 22:55:38.244  INFO 12120 --- [Eureka-EvictionTimer] c.n.e.registry.AbstractInstanceRegistry  : Running the evict task with compensationTime 4ms
2022-12-27 22:56:38.246  INFO 12120 --- [Eureka-EvictionTimer] c.n.e.registry.AbstractInstanceRegistry  : Running the evict task with compensationTime 1ms
2022-12-27 22:57:38.246  INFO 12120 --- [Eureka-EvictionTimer] c.n.e.registry.AbstractInstanceRegistry  : Running the evict task with compensationTime 0ms
2022-12-27 22:58:38.251  INFO 12120 --- [Eureka-EvictionTimer] c.n.e.registry.AbstractInstanceRegistry  : Running the evict task with compensationTime 5ms
2022-12-27 22:59:38.252  INFO 12120 --- [Eureka-EvictionTimer] c.n.e.registry.AbstractInstanceRegistry  : Running the evict task with compensationTime 1ms
2022-12-27 23:00:37.891  INFO 12120 --- [ReplicaAwareInstanceRegistry - RenewalThresholdUpdater] c.n.e.r.PeerAwareInstanceRegistryImpl    : Current renewal threshold is : 3
2022-12-27 23:00:38.257  INFO 12120 --- [Eureka-EvictionTimer] c.n.e.registry.AbstractInstanceRegistry  : Running the evict task with compensationTime 5ms
2022-12-27 23:01:38.262  INFO 12120 --- [Eureka-EvictionTimer] c.n.e.registry.AbstractInstanceRegistry  : Running the evict task with compensationTime 5ms
2022-12-27 23:02:38.267  INFO 12120 --- [Eureka-EvictionTimer] c.n.e.registry.AbstractInstanceRegistry  : Running the evict task with compensationTime 5ms
2022-12-27 23:03:38.272  INFO 12120 --- [Eureka-EvictionTimer] c.n.e.registry.AbstractInstanceRegistry  : Running the evict task with compensationTime 5ms
2022-12-27 23:04:38.277  INFO 12120 --- [Eureka-EvictionTimer] c.n.e.registry.AbstractInstanceRegistry  : Running the evict task with compensationTime 5ms
2022-12-27 23:05:38.282  INFO 12120 --- [Eureka-EvictionTimer] c.n.e.registry.AbstractInstanceRegistry  : Running the evict task with compensationTime 4ms
2022-12-27 23:06:38.287  INFO 12120 --- [Eureka-EvictionTimer] c.n.e.registry.AbstractInstanceRegistry  : Running the evict task with compensationTime 1ms
2022-12-27 23:07:38.307  INFO 12120 --- [Eureka-EvictionTimer] c.n.e.registry.AbstractInstanceRegistry  : Running the evict task with compensationTime 3ms
2022-12-27 23:08:38.312  INFO 12120 --- [Eureka-EvictionTimer] c.n.e.registry.AbstractInstanceRegistry  : Running the evict task with compensationTime 4ms
2022-12-27 23:09:38.315  INFO 12120 --- [Eureka-EvictionTimer] c.n.e.registry.AbstractInstanceRegistry  : Running the evict task with compensationTime 2ms
2022-12-27 23:09:38.330  INFO 12120 --- [http-nio-9999-exec-7] c.n.e.registry.AbstractInstanceRegistry  : Registered instance MAIN-APPLICATION/172.20.10.4:main-application:9080 with status UP (replication=false)
2022-12-27 23:09:38.363  INFO 12120 --- [http-nio-9999-exec-9] c.n.e.registry.AbstractInstanceRegistry  : Registered instance MAIN-APPLICATION/172.20.10.4:main-application:9080 with status DOWN (replication=false)
2022-12-27 23:09:38.921  INFO 12120 --- [http-nio-9999-exec-4] c.n.e.registry.AbstractInstanceRegistry  : Registered instance MAIN-APPLICATION/172.20.10.4:main-application:9080 with status DOWN (replication=true)
2022-12-27 23:09:41.538  INFO 12120 --- [http-nio-9999-exec-3] c.n.e.registry.AbstractInstanceRegistry  : Cancelled instance MAIN-APPLICATION/172.20.10.4:main-application:9080 (replication=false)
2022-12-27 23:09:42.059  WARN 12120 --- [http-nio-9999-exec-10] c.n.e.registry.AbstractInstanceRegistry  : DS: Registry: cancel failed because Lease is not registered for: MAIN-APPLICATION/172.20.10.4:main-application:9080
2022-12-27 23:09:42.060  INFO 12120 --- [http-nio-9999-exec-10] c.n.eureka.resources.InstanceResource    : Not Found (Cancel): MAIN-APPLICATION - 172.20.10.4:main-application:9080
2022-12-27 23:09:42.062  WARN 12120 --- [TaskBatchingWorker-target_localhost-18] c.n.eureka.cluster.ReplicationTask       : The replication of task MAIN-APPLICATION/172.20.10.4:main-application:9080:Cancel@localhost failed with response code 404
2022-12-27 23:09:42.062  WARN 12120 --- [TaskBatchingWorker-target_localhost-18] c.netflix.eureka.cluster.PeerEurekaNode  : MAIN-APPLICATION/172.20.10.4:main-application:9080:Cancel@localhost: missing entry.
2022-12-27 23:10:25.261  INFO 12120 --- [http-nio-9999-exec-9] c.n.e.registry.AbstractInstanceRegistry  : Registered instance MAIN-APPLICATION/172.20.10.4:main-application:9080 with status UP (replication=false)
2022-12-27 23:10:25.764  INFO 12120 --- [http-nio-9999-exec-4] c.n.e.registry.AbstractInstanceRegistry  : Registered instance MAIN-APPLICATION/172.20.10.4:main-application:9080 with status UP (replication=true)
2022-12-27 23:10:38.320  INFO 12120 --- [Eureka-EvictionTimer] c.n.e.registry.AbstractInstanceRegistry  : Running the evict task with compensationTime 5ms
2022-12-27 23:10:43.120  INFO 12120 --- [http-nio-9999-exec-1] c.n.e.registry.AbstractInstanceRegistry  : Registered instance MCRO3-STATISTIC-SERVICE/172.20.10.4:mcro3-statistic-service:9081 with status UP (replication=false)
2022-12-27 23:10:43.634  INFO 12120 --- [http-nio-9999-exec-2] c.n.e.registry.AbstractInstanceRegistry  : Registered instance MCRO3-STATISTIC-SERVICE/172.20.10.4:mcro3-statistic-service:9081 with status UP (replication=true)
2022-12-27 23:10:46.732  INFO 12120 --- [http-nio-9999-exec-7] c.n.e.registry.AbstractInstanceRegistry  : Registered instance MCRO3-EMAIL-SERVICE/172.20.10.4:mcro3-email-service:9082 with status UP (replication=false)
2022-12-27 23:10:47.245  INFO 12120 --- [http-nio-9999-exec-9] c.n.e.registry.AbstractInstanceRegistry  : Registered instance MCRO3-EMAIL-SERVICE/172.20.10.4:mcro3-email-service:9082 with status UP (replication=true)
2022-12-27 23:11:38.326  INFO 12120 --- [Eureka-EvictionTimer] c.n.e.registry.AbstractInstanceRegistry  : Running the evict task with compensationTime 5ms
2022-12-27 23:12:38.330  INFO 12120 --- [Eureka-EvictionTimer] c.n.e.registry.AbstractInstanceRegistry  : Running the evict task with compensationTime 4ms
2022-12-27 23:13:38.334  INFO 12120 --- [Eureka-EvictionTimer] c.n.e.registry.AbstractInstanceRegistry  : Running the evict task with compensationTime 3ms
2022-12-27 23:14:15.371  INFO 12120 --- [http-nio-9999-exec-10] c.n.e.registry.AbstractInstanceRegistry  : Registered instance MAIN-APPLICATION/172.20.10.4:main-application:9080 with status DOWN (replication=false)
2022-12-27 23:14:15.884  INFO 12120 --- [http-nio-9999-exec-6] c.n.e.registry.AbstractInstanceRegistry  : Registered instance MAIN-APPLICATION/172.20.10.4:main-application:9080 with status DOWN (replication=true)
2022-12-27 23:14:18.519  INFO 12120 --- [http-nio-9999-exec-2] c.n.e.registry.AbstractInstanceRegistry  : Cancelled instance MAIN-APPLICATION/172.20.10.4:main-application:9080 (replication=false)
2022-12-27 23:14:19.028  WARN 12120 --- [http-nio-9999-exec-8] c.n.e.registry.AbstractInstanceRegistry  : DS: Registry: cancel failed because Lease is not registered for: MAIN-APPLICATION/172.20.10.4:main-application:9080
2022-12-27 23:14:19.028  INFO 12120 --- [http-nio-9999-exec-8] c.n.eureka.resources.InstanceResource    : Not Found (Cancel): MAIN-APPLICATION - 172.20.10.4:main-application:9080
2022-12-27 23:14:19.029  WARN 12120 --- [TaskBatchingWorker-target_localhost-8] c.n.eureka.cluster.ReplicationTask       : The replication of task MAIN-APPLICATION/172.20.10.4:main-application:9080:Cancel@localhost failed with response code 404
2022-12-27 23:14:19.029  WARN 12120 --- [TaskBatchingWorker-target_localhost-8] c.netflix.eureka.cluster.PeerEurekaNode  : MAIN-APPLICATION/172.20.10.4:main-application:9080:Cancel@localhost: missing entry.
2022-12-27 23:14:38.337  INFO 12120 --- [Eureka-EvictionTimer] c.n.e.registry.AbstractInstanceRegistry  : Running the evict task with compensationTime 3ms
2022-12-27 23:15:37.913  INFO 12120 --- [ReplicaAwareInstanceRegistry - RenewalThresholdUpdater] c.n.e.r.PeerAwareInstanceRegistryImpl    : Current renewal threshold is : 6
2022-12-27 23:15:38.342  INFO 12120 --- [Eureka-EvictionTimer] c.n.e.registry.AbstractInstanceRegistry  : Running the evict task with compensationTime 5ms
2022-12-27 23:16:08.276  INFO 12120 --- [http-nio-9999-exec-4] c.n.e.registry.AbstractInstanceRegistry  : Registered instance MCRO3-EMAIL-SERVICE/172.20.10.4:mcro3-email-service:9082 with status DOWN (replication=false)
2022-12-27 23:16:08.785  INFO 12120 --- [http-nio-9999-exec-10] c.n.e.registry.AbstractInstanceRegistry  : Registered instance MCRO3-EMAIL-SERVICE/172.20.10.4:mcro3-email-service:9082 with status DOWN (replication=true)
2022-12-27 23:16:11.536  INFO 12120 --- [http-nio-9999-exec-6] c.n.e.registry.AbstractInstanceRegistry  : Cancelled instance MCRO3-EMAIL-SERVICE/172.20.10.4:mcro3-email-service:9082 (replication=false)
2022-12-27 23:16:12.041  WARN 12120 --- [http-nio-9999-exec-5] c.n.e.registry.AbstractInstanceRegistry  : DS: Registry: cancel failed because Lease is not registered for: MCRO3-EMAIL-SERVICE/172.20.10.4:mcro3-email-service:9082
2022-12-27 23:16:12.041  INFO 12120 --- [http-nio-9999-exec-5] c.n.eureka.resources.InstanceResource    : Not Found (Cancel): MCRO3-EMAIL-SERVICE - 172.20.10.4:mcro3-email-service:9082
2022-12-27 23:16:12.041  WARN 12120 --- [TaskBatchingWorker-target_localhost-11] c.n.eureka.cluster.ReplicationTask       : The replication of task MCRO3-EMAIL-SERVICE/172.20.10.4:mcro3-email-service:9082:Cancel@localhost failed with response code 404
2022-12-27 23:16:12.041  WARN 12120 --- [TaskBatchingWorker-target_localhost-11] c.netflix.eureka.cluster.PeerEurekaNode  : MCRO3-EMAIL-SERVICE/172.20.10.4:mcro3-email-service:9082:Cancel@localhost: missing entry.
2022-12-27 23:16:38.344  INFO 12120 --- [Eureka-EvictionTimer] c.n.e.registry.AbstractInstanceRegistry  : Running the evict task with compensationTime 1ms
2022-12-27 23:17:38.348  INFO 12120 --- [Eureka-EvictionTimer] c.n.e.registry.AbstractInstanceRegistry  : Running the evict task with compensationTime 4ms
2022-12-27 23:18:38.352  INFO 12120 --- [Eureka-EvictionTimer] c.n.e.registry.AbstractInstanceRegistry  : Running the evict task with compensationTime 3ms
2022-12-27 23:19:38.356  INFO 12120 --- [Eureka-EvictionTimer] c.n.e.registry.AbstractInstanceRegistry  : Running the evict task with compensationTime 3ms
2022-12-27 23:20:38.360  INFO 12120 --- [Eureka-EvictionTimer] c.n.e.registry.AbstractInstanceRegistry  : Running the evict task with compensationTime 4ms
2022-12-27 23:21:38.362  INFO 12120 --- [Eureka-EvictionTimer] c.n.e.registry.AbstractInstanceRegistry  : Running the evict task with compensationTime 2ms
2022-12-27 23:21:41.381  INFO 12120 --- [SpringApplicationShutdownHook] o.s.c.n.e.s.EurekaServiceRegistry        : Unregistering application MCRO3-EUREKA-SERVER with eureka with status DOWN
2022-12-27 23:21:41.410  INFO 12120 --- [SpringApplicationShutdownHook] o.s.c.n.e.server.EurekaServerBootstrap   : Shutting down Eureka Server..
2022-12-27 23:21:41.420  INFO 12120 --- [SpringApplicationShutdownHook] c.n.eureka.DefaultEurekaServerContext    : Shutting down ...
2022-12-27 23:21:41.424  INFO 12120 --- [SpringApplicationShutdownHook] com.netflix.servo.monitor.StatsMonitor   : Attempting to get the value for an expired monitor: eurekaServer.replication.batchSize.Will start computing stats again.
2022-12-27 23:21:41.431  INFO 12120 --- [SpringApplicationShutdownHook] com.netflix.servo.monitor.StatsMonitor   : Attempting to get the value for an expired monitor: eurekaServer.replication.executionTime.Will start computing stats again.
2022-12-27 23:21:41.432  INFO 12120 --- [SpringApplicationShutdownHook] com.netflix.servo.monitor.StatsMonitor   : Attempting to get the value for an expired monitor: eurekaServer.replication.executionTime.Will start computing stats again.
2022-12-27 23:21:41.432  INFO 12120 --- [SpringApplicationShutdownHook] com.netflix.servo.monitor.StatsMonitor   : Attempting to get the value for an expired monitor: eurekaServer.replication.batchSize.Will start computing stats again.
2022-12-27 23:21:41.451  INFO 12120 --- [SpringApplicationShutdownHook] c.n.eureka.DefaultEurekaServerContext    : Shut down
2022-12-27 23:21:41.452  INFO 12120 --- [SpringApplicationShutdownHook] o.s.c.n.e.server.EurekaServerBootstrap   : Eureka Service is now shutdown...
2022-12-27 23:21:41.453  INFO 12120 --- [SpringApplicationShutdownHook] c.n.eureka.DefaultEurekaServerContext    : Shutting down ...
2022-12-27 23:21:41.459  INFO 12120 --- [SpringApplicationShutdownHook] c.n.eureka.DefaultEurekaServerContext    : Shut down
2022-12-27 23:21:41.477  INFO 12120 --- [SpringApplicationShutdownHook] com.netflix.discovery.DiscoveryClient    : Shutting down DiscoveryClient ...
2022-12-27 23:21:41.481  INFO 12120 --- [SpringApplicationShutdownHook] com.netflix.discovery.DiscoveryClient    : Completed shut down of DiscoveryClient
